----------------------------------------------------------------------------------------------------------------------------------------------
      name:  <unnamed>
       log:  R:\LIV\Projets-Programmes-Manips\MATAEA\Stata by Vincent\2022-10-14 Tous résultats de Vincent\bases\Stata\fib4.log
  log type:  text
 opened on:  12 Dec 2022, 15:30:23

. 
. tab fib_4_cat hypertension_clin, col chi2 

+-------------------+
| Key               |
|-------------------|
|     frequency     |
| column percentage |
+-------------------+

  Interpretation of |     Hypertension artérielle
   Fibrosis-4 index |      clinique (calculated)
      (1.30 & 2.67) |       Yes         No  Missing d |     Total
--------------------+---------------------------------+----------
 risque négligeable |       526      1,155          6 |     1,687 
                    |     82.70      88.91      85.71 |     86.87 
--------------------+---------------------------------+----------
       Surveillance |        86         88          0 |       174 
                    |     13.52       6.77       0.00 |      8.96 
--------------------+---------------------------------+----------
   Parcours de soin |         6         10          0 |        16 
                    |      0.94       0.77       0.00 |      0.82 
--------------------+---------------------------------+----------
 données manquantes |        18         46          1 |        65 
                    |      2.83       3.54      14.29 |      3.35 
--------------------+---------------------------------+----------
              Total |       636      1,299          7 |     1,942 
                    |    100.00     100.00     100.00 |    100.00 

          Pearson chi2(6) =  27.5924   Pr = 0.000

. tab fib_4_cat hypertension_bool, col chi2 

+-------------------+
| Key               |
|-------------------|
|     frequency     |
| column percentage |
+-------------------+

  Interpretation of |
   Fibrosis-4 index |   Hypertension artérielle Y/N
      (1.30 & 2.67) |        No        Yes  Missing d |     Total
--------------------+---------------------------------+----------
 risque négligeable |     1,094        587          6 |     1,687 
                    |     90.26      81.08     100.00 |     86.87 
--------------------+---------------------------------+----------
       Surveillance |        65        109          0 |       174 
                    |      5.36      15.06       0.00 |      8.96 
--------------------+---------------------------------+----------
   Parcours de soin |         9          7          0 |        16 
                    |      0.74       0.97       0.00 |      0.82 
--------------------+---------------------------------+----------
 données manquantes |        44         21          0 |        65 
                    |      3.63       2.90       0.00 |      3.35 
--------------------+---------------------------------+----------
              Total |     1,212        724          6 |     1,942 
                    |    100.00     100.00     100.00 |    100.00 

          Pearson chi2(6) =  53.8317   Pr = 0.000

. tab fib_4_cat diabete, col chi2 

+-------------------+
| Key               |
|-------------------|
|     frequency     |
| column percentage |
+-------------------+

  Interpretation of |
   Fibrosis-4 index |           CLASSIFICATION DIABETE
      (1.30 & 2.67) | Non-diabé  Prédiabèt  Diabète T  Mising da |     Total
--------------------+--------------------------------------------+----------
 risque négligeable |     1,071        468        141          7 |     1,687 
                    |     92.49      84.94      82.94      11.11 |     86.87 
--------------------+--------------------------------------------+----------
       Surveillance |        75         73         26          0 |       174 
                    |      6.48      13.25      15.29       0.00 |      8.96 
--------------------+--------------------------------------------+----------
   Parcours de soin |         8          6          2          0 |        16 
                    |      0.69       1.09       1.18       0.00 |      0.82 
--------------------+--------------------------------------------+----------
 données manquantes |         4          4          1         56 |        65 
                    |      0.35       0.73       0.59      88.89 |      3.35 
--------------------+--------------------------------------------+----------
              Total |     1,158        551        170         63 |     1,942 
                    |    100.00     100.00     100.00     100.00 |    100.00 

          Pearson chi2(9) =  1.5e+03   Pr = 0.000

. tab fib_4_cat diabete_bool, col chi2 

+-------------------+
| Key               |
|-------------------|
|     frequency     |
| column percentage |
+-------------------+

  Interpretation of |
   Fibrosis-4 index |           DIABETE Y/N
      (1.30 & 2.67) |        No        Yes  Missing d |     Total
--------------------+---------------------------------+----------
 risque négligeable |     1,539        141          7 |     1,687 
                    |     90.05      82.94      11.11 |     86.87 
--------------------+---------------------------------+----------
       Surveillance |       148         26          0 |       174 
                    |      8.66      15.29       0.00 |      8.96 
--------------------+---------------------------------+----------
   Parcours de soin |        14          2          0 |        16 
                    |      0.82       1.18       0.00 |      0.82 
--------------------+---------------------------------+----------
 données manquantes |         8          1         56 |        65 
                    |      0.47       0.59      88.89 |      3.35 
--------------------+---------------------------------+----------
              Total |     1,709        170         63 |     1,942 
                    |    100.00     100.00     100.00 |    100.00 

          Pearson chi2(6) =  1.5e+03   Pr = 0.000

. *tab fib_4_cat obesity_classif_who2, col chi2 expected exact
. log close
      name:  <unnamed>
       log:  R:\LIV\Projets-Programmes-Manips\MATAEA\Stata by Vincent\2022-10-14 Tous résultats de Vincent\bases\Stata\fib4.log
  log type:  text
 closed on:  12 Dec 2022, 15:30:23
----------------------------------------------------------------------------------------------------------------------------------------------
